2021-10-15 08:17:24.199 [main] INFO  org.example.App - first environment property
2021-10-15 08:17:24.202 [main] INFO  org.example.App - JRE: 17
2021-10-15 08:17:24.202 [main] INFO  org.example.App - Java Launched From: /usr/local/Cellar/openjdk/17/libexec/openjdk.jdk/Contents/Home
2021-10-15 08:17:24.203 [main] INFO  org.example.App - Class Path: /Users/askoldsilya/IdeaProjects/JavaLabsProject/target/test-classes:/Users/askoldsilya/IdeaProjects/JavaLabsProject/target/classes:/Users/askoldsilya/.m2/repository/junit/junit/4.11/junit-4.11.jar:/Users/askoldsilya/.m2/repository/org/hamcrest/hamcrest-core/1.3/hamcrest-core-1.3.jar:/Users/askoldsilya/.m2/repository/org/apache/logging/log4j/log4j-api/2.13.0/log4j-api-2.13.0.jar:/Users/askoldsilya/.m2/repository/org/apache/logging/log4j/log4j-core/2.13.0/log4j-core-2.13.0.jar:/Users/askoldsilya/.m2/repository/com/opencsv/opencsv/5.5.2/opencsv-5.5.2.jar:/Users/askoldsilya/.m2/repository/org/apache/commons/commons-lang3/3.12.0/commons-lang3-3.12.0.jar:/Users/askoldsilya/.m2/repository/org/apache/commons/commons-text/1.9/commons-text-1.9.jar:/Users/askoldsilya/.m2/repository/commons-beanutils/commons-beanutils/1.9.4/commons-beanutils-1.9.4.jar:/Users/askoldsilya/.m2/repository/commons-logging/commons-logging/1.2/commons-logging-1.2.jar:/Users/askoldsilya/.m2/repository/commons-collections/commons-collections/3.2.2/commons-collections-3.2.2.jar:/Users/askoldsilya/.m2/repository/org/apache/commons/commons-collections4/4.4/commons-collections4-4.4.jar:/Users/askoldsilya/.m2/repository/org/simpleframework/simple-xml/2.7.1/simple-xml-2.7.1.jar:/Users/askoldsilya/.m2/repository/stax/stax-api/1.0.1/stax-api-1.0.1.jar:/Users/askoldsilya/.m2/repository/stax/stax/1.2.0/stax-1.2.0.jar:/Users/askoldsilya/.m2/repository/xpp3/xpp3/1.1.3.3/xpp3-1.1.3.3.jar:
2021-10-15 08:17:24.203 [main] INFO  org.example.App - Library Path: /Users/askoldsilya/Library/Java/Extensions:/Library/Java/Extensions:/Network/Library/Java/Extensions:/System/Library/Java/Extensions:/usr/lib/java:.
2021-10-15 08:17:24.204 [main] INFO  org.example.App - User Home Directory: /Users/askoldsilya
2021-10-15 08:17:24.204 [main] INFO  org.example.App - User Working Directory: /Users/askoldsilya/IdeaProjects/JavaLabsProject
2021-10-15 08:17:24.204 [main] INFO  org.example.App - Test INFO logging.
2021-10-15 08:21:20.300 [main] INFO  org.example.App - first environment property
2021-10-15 08:21:20.302 [main] INFO  org.example.App - JRE: 17
2021-10-15 08:21:20.302 [main] INFO  org.example.App - Java Launched From: /usr/local/Cellar/openjdk/17/libexec/openjdk.jdk/Contents/Home
2021-10-15 08:21:20.302 [main] INFO  org.example.App - Class Path: /Users/askoldsilya/IdeaProjects/JavaLabsProject/target/test-classes:/Users/askoldsilya/IdeaProjects/JavaLabsProject/target/classes:/Users/askoldsilya/.m2/repository/junit/junit/4.11/junit-4.11.jar:/Users/askoldsilya/.m2/repository/org/hamcrest/hamcrest-core/1.3/hamcrest-core-1.3.jar:/Users/askoldsilya/.m2/repository/org/apache/logging/log4j/log4j-api/2.13.0/log4j-api-2.13.0.jar:/Users/askoldsilya/.m2/repository/org/apache/logging/log4j/log4j-core/2.13.0/log4j-core-2.13.0.jar:/Users/askoldsilya/.m2/repository/com/opencsv/opencsv/5.5.2/opencsv-5.5.2.jar:/Users/askoldsilya/.m2/repository/org/apache/commons/commons-lang3/3.12.0/commons-lang3-3.12.0.jar:/Users/askoldsilya/.m2/repository/org/apache/commons/commons-text/1.9/commons-text-1.9.jar:/Users/askoldsilya/.m2/repository/commons-beanutils/commons-beanutils/1.9.4/commons-beanutils-1.9.4.jar:/Users/askoldsilya/.m2/repository/commons-logging/commons-logging/1.2/commons-logging-1.2.jar:/Users/askoldsilya/.m2/repository/commons-collections/commons-collections/3.2.2/commons-collections-3.2.2.jar:/Users/askoldsilya/.m2/repository/org/apache/commons/commons-collections4/4.4/commons-collections4-4.4.jar:/Users/askoldsilya/.m2/repository/org/simpleframework/simple-xml/2.7.1/simple-xml-2.7.1.jar:/Users/askoldsilya/.m2/repository/stax/stax-api/1.0.1/stax-api-1.0.1.jar:/Users/askoldsilya/.m2/repository/stax/stax/1.2.0/stax-1.2.0.jar:/Users/askoldsilya/.m2/repository/xpp3/xpp3/1.1.3.3/xpp3-1.1.3.3.jar:
2021-10-15 08:21:20.303 [main] INFO  org.example.App - Library Path: /Users/askoldsilya/Library/Java/Extensions:/Library/Java/Extensions:/Network/Library/Java/Extensions:/System/Library/Java/Extensions:/usr/lib/java:.
2021-10-15 08:21:20.303 [main] INFO  org.example.App - User Home Directory: /Users/askoldsilya
2021-10-15 08:21:20.303 [main] INFO  org.example.App - User Working Directory: /Users/askoldsilya/IdeaProjects/JavaLabsProject
2021-10-15 08:21:20.303 [main] INFO  org.example.App - Test INFO logging.
2021-10-15 08:24:16.844 [main] INFO  org.example.App - first environment property
2021-10-15 08:24:16.846 [main] INFO  org.example.App - JRE: 15.0.1
2021-10-15 08:24:16.846 [main] INFO  org.example.App - Java Launched From: /Library/Java/JavaVirtualMachines/jdk-15.0.1.jdk/Contents/Home
2021-10-15 08:24:16.846 [main] INFO  org.example.App - Class Path: /Users/askoldsilya/IdeaProjects/JavaLabsProject/target/classes:/Users/askoldsilya/.m2/repository/org/apache/logging/log4j/log4j-api/2.13.0/log4j-api-2.13.0.jar:/Users/askoldsilya/.m2/repository/org/apache/logging/log4j/log4j-core/2.13.0/log4j-core-2.13.0.jar:/Users/askoldsilya/.m2/repository/com/opencsv/opencsv/5.5.2/opencsv-5.5.2.jar:/Users/askoldsilya/.m2/repository/org/apache/commons/commons-lang3/3.12.0/commons-lang3-3.12.0.jar:/Users/askoldsilya/.m2/repository/org/apache/commons/commons-text/1.9/commons-text-1.9.jar:/Users/askoldsilya/.m2/repository/commons-beanutils/commons-beanutils/1.9.4/commons-beanutils-1.9.4.jar:/Users/askoldsilya/.m2/repository/commons-logging/commons-logging/1.2/commons-logging-1.2.jar:/Users/askoldsilya/.m2/repository/commons-collections/commons-collections/3.2.2/commons-collections-3.2.2.jar:/Users/askoldsilya/.m2/repository/org/apache/commons/commons-collections4/4.4/commons-collections4-4.4.jar:/Users/askoldsilya/.m2/repository/org/simpleframework/simple-xml/2.7.1/simple-xml-2.7.1.jar:/Users/askoldsilya/.m2/repository/stax/stax-api/1.0.1/stax-api-1.0.1.jar:/Users/askoldsilya/.m2/repository/stax/stax/1.2.0/stax-1.2.0.jar:/Users/askoldsilya/.m2/repository/xpp3/xpp3/1.1.3.3/xpp3-1.1.3.3.jar
2021-10-15 08:24:16.847 [main] INFO  org.example.App - Library Path: /Users/askoldsilya/Library/Java/Extensions:/Library/Java/Extensions:/Network/Library/Java/Extensions:/System/Library/Java/Extensions:/usr/lib/java:.
2021-10-15 08:24:16.847 [main] INFO  org.example.App - User Home Directory: /Users/askoldsilya
2021-10-15 08:24:16.847 [main] INFO  org.example.App - User Working Directory: /Users/askoldsilya/IdeaProjects/JavaLabsProject
2021-10-15 08:24:16.847 [main] INFO  org.example.App - Test INFO logging.
2021-10-15 08:35:52.207 [main] INFO  org.example.App - first environment property
2021-10-15 08:35:52.209 [main] INFO  org.example.App - JRE: 15.0.1
2021-10-15 08:35:52.209 [main] INFO  org.example.App - Java Launched From: /Library/Java/JavaVirtualMachines/jdk-15.0.1.jdk/Contents/Home
2021-10-15 08:35:52.209 [main] INFO  org.example.App - Class Path: /Users/askoldsilya/IdeaProjects/JavaLabsProject/target/classes:/Users/askoldsilya/.m2/repository/org/apache/logging/log4j/log4j-api/2.13.0/log4j-api-2.13.0.jar:/Users/askoldsilya/.m2/repository/org/apache/logging/log4j/log4j-core/2.13.0/log4j-core-2.13.0.jar:/Users/askoldsilya/.m2/repository/com/opencsv/opencsv/5.5.2/opencsv-5.5.2.jar:/Users/askoldsilya/.m2/repository/org/apache/commons/commons-lang3/3.12.0/commons-lang3-3.12.0.jar:/Users/askoldsilya/.m2/repository/org/apache/commons/commons-text/1.9/commons-text-1.9.jar:/Users/askoldsilya/.m2/repository/commons-beanutils/commons-beanutils/1.9.4/commons-beanutils-1.9.4.jar:/Users/askoldsilya/.m2/repository/commons-logging/commons-logging/1.2/commons-logging-1.2.jar:/Users/askoldsilya/.m2/repository/commons-collections/commons-collections/3.2.2/commons-collections-3.2.2.jar:/Users/askoldsilya/.m2/repository/org/apache/commons/commons-collections4/4.4/commons-collections4-4.4.jar:/Users/askoldsilya/.m2/repository/org/simpleframework/simple-xml/2.7.1/simple-xml-2.7.1.jar:/Users/askoldsilya/.m2/repository/stax/stax-api/1.0.1/stax-api-1.0.1.jar:/Users/askoldsilya/.m2/repository/stax/stax/1.2.0/stax-1.2.0.jar:/Users/askoldsilya/.m2/repository/xpp3/xpp3/1.1.3.3/xpp3-1.1.3.3.jar
2021-10-15 08:35:52.210 [main] INFO  org.example.App - Library Path: /Users/askoldsilya/Library/Java/Extensions:/Library/Java/Extensions:/Network/Library/Java/Extensions:/System/Library/Java/Extensions:/usr/lib/java:.
2021-10-15 08:35:52.210 [main] INFO  org.example.App - User Home Directory: /Users/askoldsilya
2021-10-15 08:35:52.210 [main] INFO  org.example.App - User Working Directory: /Users/askoldsilya/IdeaProjects/JavaLabsProject
2021-10-15 08:35:52.210 [main] INFO  org.example.App - Test INFO logging.
2021-10-15 08:36:45.919 [main] INFO  org.example.App - first environment property
2021-10-15 08:36:45.921 [main] INFO  org.example.App - JRE: 17
2021-10-15 08:36:45.921 [main] INFO  org.example.App - Java Launched From: /usr/local/Cellar/openjdk/17/libexec/openjdk.jdk/Contents/Home
2021-10-15 08:36:45.922 [main] INFO  org.example.App - Class Path: /Users/askoldsilya/IdeaProjects/JavaLabsProject/target/test-classes:/Users/askoldsilya/IdeaProjects/JavaLabsProject/target/classes:/Users/askoldsilya/.m2/repository/junit/junit/4.11/junit-4.11.jar:/Users/askoldsilya/.m2/repository/org/hamcrest/hamcrest-core/1.3/hamcrest-core-1.3.jar:/Users/askoldsilya/.m2/repository/org/apache/logging/log4j/log4j-api/2.13.0/log4j-api-2.13.0.jar:/Users/askoldsilya/.m2/repository/org/apache/logging/log4j/log4j-core/2.13.0/log4j-core-2.13.0.jar:/Users/askoldsilya/.m2/repository/com/opencsv/opencsv/5.5.2/opencsv-5.5.2.jar:/Users/askoldsilya/.m2/repository/org/apache/commons/commons-lang3/3.12.0/commons-lang3-3.12.0.jar:/Users/askoldsilya/.m2/repository/org/apache/commons/commons-text/1.9/commons-text-1.9.jar:/Users/askoldsilya/.m2/repository/commons-beanutils/commons-beanutils/1.9.4/commons-beanutils-1.9.4.jar:/Users/askoldsilya/.m2/repository/commons-logging/commons-logging/1.2/commons-logging-1.2.jar:/Users/askoldsilya/.m2/repository/commons-collections/commons-collections/3.2.2/commons-collections-3.2.2.jar:/Users/askoldsilya/.m2/repository/org/apache/commons/commons-collections4/4.4/commons-collections4-4.4.jar:/Users/askoldsilya/.m2/repository/org/simpleframework/simple-xml/2.7.1/simple-xml-2.7.1.jar:/Users/askoldsilya/.m2/repository/stax/stax-api/1.0.1/stax-api-1.0.1.jar:/Users/askoldsilya/.m2/repository/stax/stax/1.2.0/stax-1.2.0.jar:/Users/askoldsilya/.m2/repository/xpp3/xpp3/1.1.3.3/xpp3-1.1.3.3.jar:
2021-10-15 08:36:45.922 [main] INFO  org.example.App - Library Path: /Users/askoldsilya/Library/Java/Extensions:/Library/Java/Extensions:/Network/Library/Java/Extensions:/System/Library/Java/Extensions:/usr/lib/java:.
2021-10-15 08:36:45.922 [main] INFO  org.example.App - User Home Directory: /Users/askoldsilya
2021-10-15 08:36:45.923 [main] INFO  org.example.App - User Working Directory: /Users/askoldsilya/IdeaProjects/JavaLabsProject
2021-10-15 08:36:45.923 [main] INFO  org.example.App - Test INFO logging.
2021-10-15 08:49:32.446 [main] INFO  org.example.App - first environment property
2021-10-15 08:49:32.449 [main] INFO  org.example.App - JRE: 17
2021-10-15 08:49:32.449 [main] INFO  org.example.App - Java Launched From: /usr/local/Cellar/openjdk/17/libexec/openjdk.jdk/Contents/Home
2021-10-15 08:49:32.449 [main] INFO  org.example.App - Class Path: /Users/askoldsilya/IdeaProjects/JavaLabsProject/target/test-classes:/Users/askoldsilya/IdeaProjects/JavaLabsProject/target/classes:/Users/askoldsilya/.m2/repository/junit/junit/4.11/junit-4.11.jar:/Users/askoldsilya/.m2/repository/org/hamcrest/hamcrest-core/1.3/hamcrest-core-1.3.jar:/Users/askoldsilya/.m2/repository/org/apache/logging/log4j/log4j-api/2.13.0/log4j-api-2.13.0.jar:/Users/askoldsilya/.m2/repository/org/apache/logging/log4j/log4j-core/2.13.0/log4j-core-2.13.0.jar:/Users/askoldsilya/.m2/repository/com/opencsv/opencsv/5.5.2/opencsv-5.5.2.jar:/Users/askoldsilya/.m2/repository/org/apache/commons/commons-lang3/3.12.0/commons-lang3-3.12.0.jar:/Users/askoldsilya/.m2/repository/org/apache/commons/commons-text/1.9/commons-text-1.9.jar:/Users/askoldsilya/.m2/repository/commons-beanutils/commons-beanutils/1.9.4/commons-beanutils-1.9.4.jar:/Users/askoldsilya/.m2/repository/commons-logging/commons-logging/1.2/commons-logging-1.2.jar:/Users/askoldsilya/.m2/repository/commons-collections/commons-collections/3.2.2/commons-collections-3.2.2.jar:/Users/askoldsilya/.m2/repository/org/apache/commons/commons-collections4/4.4/commons-collections4-4.4.jar:/Users/askoldsilya/.m2/repository/org/simpleframework/simple-xml/2.7.1/simple-xml-2.7.1.jar:/Users/askoldsilya/.m2/repository/stax/stax-api/1.0.1/stax-api-1.0.1.jar:/Users/askoldsilya/.m2/repository/stax/stax/1.2.0/stax-1.2.0.jar:/Users/askoldsilya/.m2/repository/xpp3/xpp3/1.1.3.3/xpp3-1.1.3.3.jar:
2021-10-15 08:49:32.450 [main] INFO  org.example.App - Library Path: /Users/askoldsilya/Library/Java/Extensions:/Library/Java/Extensions:/Network/Library/Java/Extensions:/System/Library/Java/Extensions:/usr/lib/java:.
2021-10-15 08:49:32.450 [main] INFO  org.example.App - User Home Directory: /Users/askoldsilya
2021-10-15 08:49:32.450 [main] INFO  org.example.App - User Working Directory: /Users/askoldsilya/IdeaProjects/JavaLabsProject
2021-10-15 08:49:32.450 [main] INFO  org.example.App - Test INFO logging.
2021-10-15 08:51:11.839 [main] INFO  org.example.App - first environment property
2021-10-15 08:51:11.841 [main] INFO  org.example.App - JRE: 17
2021-10-15 08:51:11.841 [main] INFO  org.example.App - Java Launched From: /usr/local/Cellar/openjdk/17/libexec/openjdk.jdk/Contents/Home
2021-10-15 08:51:11.841 [main] INFO  org.example.App - Class Path: /Users/askoldsilya/IdeaProjects/JavaLabsProject/target/test-classes:/Users/askoldsilya/IdeaProjects/JavaLabsProject/target/classes:/Users/askoldsilya/.m2/repository/junit/junit/4.11/junit-4.11.jar:/Users/askoldsilya/.m2/repository/org/hamcrest/hamcrest-core/1.3/hamcrest-core-1.3.jar:/Users/askoldsilya/.m2/repository/org/apache/logging/log4j/log4j-api/2.13.0/log4j-api-2.13.0.jar:/Users/askoldsilya/.m2/repository/org/apache/logging/log4j/log4j-core/2.13.0/log4j-core-2.13.0.jar:/Users/askoldsilya/.m2/repository/com/opencsv/opencsv/5.5.2/opencsv-5.5.2.jar:/Users/askoldsilya/.m2/repository/org/apache/commons/commons-lang3/3.12.0/commons-lang3-3.12.0.jar:/Users/askoldsilya/.m2/repository/org/apache/commons/commons-text/1.9/commons-text-1.9.jar:/Users/askoldsilya/.m2/repository/commons-beanutils/commons-beanutils/1.9.4/commons-beanutils-1.9.4.jar:/Users/askoldsilya/.m2/repository/commons-logging/commons-logging/1.2/commons-logging-1.2.jar:/Users/askoldsilya/.m2/repository/commons-collections/commons-collections/3.2.2/commons-collections-3.2.2.jar:/Users/askoldsilya/.m2/repository/org/apache/commons/commons-collections4/4.4/commons-collections4-4.4.jar:/Users/askoldsilya/.m2/repository/org/simpleframework/simple-xml/2.7.1/simple-xml-2.7.1.jar:/Users/askoldsilya/.m2/repository/stax/stax-api/1.0.1/stax-api-1.0.1.jar:/Users/askoldsilya/.m2/repository/stax/stax/1.2.0/stax-1.2.0.jar:/Users/askoldsilya/.m2/repository/xpp3/xpp3/1.1.3.3/xpp3-1.1.3.3.jar:
2021-10-15 08:51:11.842 [main] INFO  org.example.App - Library Path: /Users/askoldsilya/Library/Java/Extensions:/Library/Java/Extensions:/Network/Library/Java/Extensions:/System/Library/Java/Extensions:/usr/lib/java:.
2021-10-15 08:51:11.842 [main] INFO  org.example.App - User Home Directory: /Users/askoldsilya
2021-10-15 08:51:11.842 [main] INFO  org.example.App - User Working Directory: /Users/askoldsilya/IdeaProjects/JavaLabsProject
2021-10-15 08:51:11.842 [main] INFO  org.example.App - Test INFO logging.
2021-10-15 08:59:04.522 [main] INFO  org.example.App - first environment property
2021-10-15 08:59:04.524 [main] INFO  org.example.App - JRE: 17
2021-10-15 08:59:04.525 [main] INFO  org.example.App - Java Launched From: /usr/local/Cellar/openjdk/17/libexec/openjdk.jdk/Contents/Home
2021-10-15 08:59:04.525 [main] INFO  org.example.App - Class Path: /Users/askoldsilya/IdeaProjects/JavaLabsProject/target/test-classes:/Users/askoldsilya/IdeaProjects/JavaLabsProject/target/classes:/Users/askoldsilya/.m2/repository/junit/junit/4.11/junit-4.11.jar:/Users/askoldsilya/.m2/repository/org/hamcrest/hamcrest-core/1.3/hamcrest-core-1.3.jar:/Users/askoldsilya/.m2/repository/org/apache/logging/log4j/log4j-api/2.13.0/log4j-api-2.13.0.jar:/Users/askoldsilya/.m2/repository/org/apache/logging/log4j/log4j-core/2.13.0/log4j-core-2.13.0.jar:/Users/askoldsilya/.m2/repository/com/opencsv/opencsv/5.5.2/opencsv-5.5.2.jar:/Users/askoldsilya/.m2/repository/org/apache/commons/commons-lang3/3.12.0/commons-lang3-3.12.0.jar:/Users/askoldsilya/.m2/repository/org/apache/commons/commons-text/1.9/commons-text-1.9.jar:/Users/askoldsilya/.m2/repository/commons-beanutils/commons-beanutils/1.9.4/commons-beanutils-1.9.4.jar:/Users/askoldsilya/.m2/repository/commons-logging/commons-logging/1.2/commons-logging-1.2.jar:/Users/askoldsilya/.m2/repository/commons-collections/commons-collections/3.2.2/commons-collections-3.2.2.jar:/Users/askoldsilya/.m2/repository/org/apache/commons/commons-collections4/4.4/commons-collections4-4.4.jar:/Users/askoldsilya/.m2/repository/org/simpleframework/simple-xml/2.7.1/simple-xml-2.7.1.jar:/Users/askoldsilya/.m2/repository/stax/stax-api/1.0.1/stax-api-1.0.1.jar:/Users/askoldsilya/.m2/repository/stax/stax/1.2.0/stax-1.2.0.jar:/Users/askoldsilya/.m2/repository/xpp3/xpp3/1.1.3.3/xpp3-1.1.3.3.jar:
2021-10-15 08:59:04.525 [main] INFO  org.example.App - Library Path: /Users/askoldsilya/Library/Java/Extensions:/Library/Java/Extensions:/Network/Library/Java/Extensions:/System/Library/Java/Extensions:/usr/lib/java:.
2021-10-15 08:59:04.526 [main] INFO  org.example.App - User Home Directory: /Users/askoldsilya
2021-10-15 08:59:04.526 [main] INFO  org.example.App - User Working Directory: /Users/askoldsilya/IdeaProjects/JavaLabsProject
2021-10-15 08:59:04.526 [main] INFO  org.example.App - Test INFO logging.
2021-10-15 09:09:27.603 [main] INFO  org.example.App - first environment property
2021-10-15 09:09:27.605 [main] INFO  org.example.App - JRE: 17
2021-10-15 09:09:27.606 [main] INFO  org.example.App - Java Launched From: /usr/local/Cellar/openjdk/17/libexec/openjdk.jdk/Contents/Home
2021-10-15 09:09:27.606 [main] INFO  org.example.App - Class Path: /Users/askoldsilya/IdeaProjects/JavaLabsProject/target/test-classes:/Users/askoldsilya/IdeaProjects/JavaLabsProject/target/classes:/Users/askoldsilya/.m2/repository/junit/junit/4.11/junit-4.11.jar:/Users/askoldsilya/.m2/repository/org/hamcrest/hamcrest-core/1.3/hamcrest-core-1.3.jar:/Users/askoldsilya/.m2/repository/org/apache/logging/log4j/log4j-api/2.13.0/log4j-api-2.13.0.jar:/Users/askoldsilya/.m2/repository/org/apache/logging/log4j/log4j-core/2.13.0/log4j-core-2.13.0.jar:/Users/askoldsilya/.m2/repository/com/opencsv/opencsv/5.5.2/opencsv-5.5.2.jar:/Users/askoldsilya/.m2/repository/org/apache/commons/commons-lang3/3.12.0/commons-lang3-3.12.0.jar:/Users/askoldsilya/.m2/repository/org/apache/commons/commons-text/1.9/commons-text-1.9.jar:/Users/askoldsilya/.m2/repository/commons-beanutils/commons-beanutils/1.9.4/commons-beanutils-1.9.4.jar:/Users/askoldsilya/.m2/repository/commons-logging/commons-logging/1.2/commons-logging-1.2.jar:/Users/askoldsilya/.m2/repository/commons-collections/commons-collections/3.2.2/commons-collections-3.2.2.jar:/Users/askoldsilya/.m2/repository/org/apache/commons/commons-collections4/4.4/commons-collections4-4.4.jar:/Users/askoldsilya/.m2/repository/org/simpleframework/simple-xml/2.7.1/simple-xml-2.7.1.jar:/Users/askoldsilya/.m2/repository/stax/stax-api/1.0.1/stax-api-1.0.1.jar:/Users/askoldsilya/.m2/repository/stax/stax/1.2.0/stax-1.2.0.jar:/Users/askoldsilya/.m2/repository/xpp3/xpp3/1.1.3.3/xpp3-1.1.3.3.jar:
2021-10-15 09:09:27.606 [main] INFO  org.example.App - Library Path: /Users/askoldsilya/Library/Java/Extensions:/Library/Java/Extensions:/Network/Library/Java/Extensions:/System/Library/Java/Extensions:/usr/lib/java:.
2021-10-15 09:09:27.607 [main] INFO  org.example.App - User Home Directory: /Users/askoldsilya
2021-10-15 09:09:27.607 [main] INFO  org.example.App - User Working Directory: /Users/askoldsilya/IdeaProjects/JavaLabsProject
2021-10-15 09:09:27.607 [main] INFO  org.example.App - Test INFO logging.
2021-10-15 09:10:22.495 [main] INFO  org.example.App - first environment property
2021-10-15 09:10:22.497 [main] INFO  org.example.App - JRE: 15.0.1
2021-10-15 09:10:22.498 [main] INFO  org.example.App - Java Launched From: /Library/Java/JavaVirtualMachines/jdk-15.0.1.jdk/Contents/Home
2021-10-15 09:10:22.498 [main] INFO  org.example.App - Class Path: /Users/askoldsilya/IdeaProjects/JavaLabsProject/target/classes:/Users/askoldsilya/.m2/repository/org/apache/logging/log4j/log4j-api/2.13.0/log4j-api-2.13.0.jar:/Users/askoldsilya/.m2/repository/org/apache/logging/log4j/log4j-core/2.13.0/log4j-core-2.13.0.jar:/Users/askoldsilya/.m2/repository/com/opencsv/opencsv/5.5.2/opencsv-5.5.2.jar:/Users/askoldsilya/.m2/repository/org/apache/commons/commons-lang3/3.12.0/commons-lang3-3.12.0.jar:/Users/askoldsilya/.m2/repository/org/apache/commons/commons-text/1.9/commons-text-1.9.jar:/Users/askoldsilya/.m2/repository/commons-beanutils/commons-beanutils/1.9.4/commons-beanutils-1.9.4.jar:/Users/askoldsilya/.m2/repository/commons-logging/commons-logging/1.2/commons-logging-1.2.jar:/Users/askoldsilya/.m2/repository/commons-collections/commons-collections/3.2.2/commons-collections-3.2.2.jar:/Users/askoldsilya/.m2/repository/org/apache/commons/commons-collections4/4.4/commons-collections4-4.4.jar:/Users/askoldsilya/.m2/repository/org/simpleframework/simple-xml/2.7.1/simple-xml-2.7.1.jar:/Users/askoldsilya/.m2/repository/stax/stax-api/1.0.1/stax-api-1.0.1.jar:/Users/askoldsilya/.m2/repository/stax/stax/1.2.0/stax-1.2.0.jar:/Users/askoldsilya/.m2/repository/xpp3/xpp3/1.1.3.3/xpp3-1.1.3.3.jar
2021-10-15 09:10:22.498 [main] INFO  org.example.App - Library Path: /Users/askoldsilya/Library/Java/Extensions:/Library/Java/Extensions:/Network/Library/Java/Extensions:/System/Library/Java/Extensions:/usr/lib/java:.
2021-10-15 09:10:22.498 [main] INFO  org.example.App - User Home Directory: /Users/askoldsilya
2021-10-15 09:10:22.499 [main] INFO  org.example.App - User Working Directory: /Users/askoldsilya/IdeaProjects/JavaLabsProject
2021-10-15 09:10:22.499 [main] INFO  org.example.App - Test INFO logging.
2021-10-15 09:10:38.672 [main] INFO  org.example.App - first environment property
2021-10-15 09:10:38.674 [main] INFO  org.example.App - JRE: 17
2021-10-15 09:10:38.674 [main] INFO  org.example.App - Java Launched From: /usr/local/Cellar/openjdk/17/libexec/openjdk.jdk/Contents/Home
2021-10-15 09:10:38.675 [main] INFO  org.example.App - Class Path: /Users/askoldsilya/IdeaProjects/JavaLabsProject/target/test-classes:/Users/askoldsilya/IdeaProjects/JavaLabsProject/target/classes:/Users/askoldsilya/.m2/repository/junit/junit/4.11/junit-4.11.jar:/Users/askoldsilya/.m2/repository/org/hamcrest/hamcrest-core/1.3/hamcrest-core-1.3.jar:/Users/askoldsilya/.m2/repository/org/apache/logging/log4j/log4j-api/2.13.0/log4j-api-2.13.0.jar:/Users/askoldsilya/.m2/repository/org/apache/logging/log4j/log4j-core/2.13.0/log4j-core-2.13.0.jar:/Users/askoldsilya/.m2/repository/com/opencsv/opencsv/5.5.2/opencsv-5.5.2.jar:/Users/askoldsilya/.m2/repository/org/apache/commons/commons-lang3/3.12.0/commons-lang3-3.12.0.jar:/Users/askoldsilya/.m2/repository/org/apache/commons/commons-text/1.9/commons-text-1.9.jar:/Users/askoldsilya/.m2/repository/commons-beanutils/commons-beanutils/1.9.4/commons-beanutils-1.9.4.jar:/Users/askoldsilya/.m2/repository/commons-logging/commons-logging/1.2/commons-logging-1.2.jar:/Users/askoldsilya/.m2/repository/commons-collections/commons-collections/3.2.2/commons-collections-3.2.2.jar:/Users/askoldsilya/.m2/repository/org/apache/commons/commons-collections4/4.4/commons-collections4-4.4.jar:/Users/askoldsilya/.m2/repository/org/simpleframework/simple-xml/2.7.1/simple-xml-2.7.1.jar:/Users/askoldsilya/.m2/repository/stax/stax-api/1.0.1/stax-api-1.0.1.jar:/Users/askoldsilya/.m2/repository/stax/stax/1.2.0/stax-1.2.0.jar:/Users/askoldsilya/.m2/repository/xpp3/xpp3/1.1.3.3/xpp3-1.1.3.3.jar:
2021-10-15 09:10:38.675 [main] INFO  org.example.App - Library Path: /Users/askoldsilya/Library/Java/Extensions:/Library/Java/Extensions:/Network/Library/Java/Extensions:/System/Library/Java/Extensions:/usr/lib/java:.
2021-10-15 09:10:38.675 [main] INFO  org.example.App - User Home Directory: /Users/askoldsilya
2021-10-15 09:10:38.676 [main] INFO  org.example.App - User Working Directory: /Users/askoldsilya/IdeaProjects/JavaLabsProject
2021-10-15 09:10:38.676 [main] INFO  org.example.App - Test INFO logging.
2021-10-15 09:11:26.308 [main] INFO  org.example.App - first environment property
2021-10-15 09:11:26.310 [main] INFO  org.example.App - JRE: 17
2021-10-15 09:11:26.310 [main] INFO  org.example.App - Java Launched From: /usr/local/Cellar/openjdk/17/libexec/openjdk.jdk/Contents/Home
2021-10-15 09:11:26.310 [main] INFO  org.example.App - Class Path: /Users/askoldsilya/IdeaProjects/JavaLabsProject/target/test-classes:/Users/askoldsilya/IdeaProjects/JavaLabsProject/target/classes:/Users/askoldsilya/.m2/repository/junit/junit/4.11/junit-4.11.jar:/Users/askoldsilya/.m2/repository/org/hamcrest/hamcrest-core/1.3/hamcrest-core-1.3.jar:/Users/askoldsilya/.m2/repository/org/apache/logging/log4j/log4j-api/2.13.0/log4j-api-2.13.0.jar:/Users/askoldsilya/.m2/repository/org/apache/logging/log4j/log4j-core/2.13.0/log4j-core-2.13.0.jar:/Users/askoldsilya/.m2/repository/com/opencsv/opencsv/5.5.2/opencsv-5.5.2.jar:/Users/askoldsilya/.m2/repository/org/apache/commons/commons-lang3/3.12.0/commons-lang3-3.12.0.jar:/Users/askoldsilya/.m2/repository/org/apache/commons/commons-text/1.9/commons-text-1.9.jar:/Users/askoldsilya/.m2/repository/commons-beanutils/commons-beanutils/1.9.4/commons-beanutils-1.9.4.jar:/Users/askoldsilya/.m2/repository/commons-logging/commons-logging/1.2/commons-logging-1.2.jar:/Users/askoldsilya/.m2/repository/commons-collections/commons-collections/3.2.2/commons-collections-3.2.2.jar:/Users/askoldsilya/.m2/repository/org/apache/commons/commons-collections4/4.4/commons-collections4-4.4.jar:/Users/askoldsilya/.m2/repository/org/simpleframework/simple-xml/2.7.1/simple-xml-2.7.1.jar:/Users/askoldsilya/.m2/repository/stax/stax-api/1.0.1/stax-api-1.0.1.jar:/Users/askoldsilya/.m2/repository/stax/stax/1.2.0/stax-1.2.0.jar:/Users/askoldsilya/.m2/repository/xpp3/xpp3/1.1.3.3/xpp3-1.1.3.3.jar:
2021-10-15 09:11:26.311 [main] INFO  org.example.App - Library Path: /Users/askoldsilya/Library/Java/Extensions:/Library/Java/Extensions:/Network/Library/Java/Extensions:/System/Library/Java/Extensions:/usr/lib/java:.
2021-10-15 09:11:26.311 [main] INFO  org.example.App - User Home Directory: /Users/askoldsilya
2021-10-15 09:11:26.311 [main] INFO  org.example.App - User Working Directory: /Users/askoldsilya/IdeaProjects/JavaLabsProject
2021-10-15 09:11:26.312 [main] INFO  org.example.App - Test INFO logging.
2021-10-15 09:21:02.125 [main] INFO  org.example.App - first environment property
