2021-10-14 20:28:32.687 [main] INFO  org.example.App - JRE: 15.0.1
2021-10-14 20:28:32.689 [main] INFO  org.example.App - Java Launched From: /Library/Java/JavaVirtualMachines/jdk-15.0.1.jdk/Contents/Home
2021-10-14 20:28:32.689 [main] INFO  org.example.App - Class Path: /Users/askoldsilya/IdeaProjects/JavaLabsProject/target/classes:/Users/askoldsilya/.m2/repository/org/apache/logging/log4j/log4j-api/2.13.0/log4j-api-2.13.0.jar:/Users/askoldsilya/.m2/repository/org/apache/logging/log4j/log4j-core/2.13.0/log4j-core-2.13.0.jar
2021-10-14 20:28:32.689 [main] INFO  org.example.App - Library Path: /Users/askoldsilya/Library/Java/Extensions:/Library/Java/Extensions:/Network/Library/Java/Extensions:/System/Library/Java/Extensions:/usr/lib/java:.
2021-10-14 20:28:32.689 [main] INFO  org.example.App - User Home Directory: /Users/askoldsilya
2021-10-14 20:28:32.689 [main] INFO  org.example.App - User Working Directory: /Users/askoldsilya/IdeaProjects/JavaLabsProject
2021-10-14 20:28:32.690 [main] INFO  org.example.App - Test INFO logging.
2021-10-14 20:28:32.690 [main] DEBUG org.example.App - This is DEBUG log!
2021-10-14 20:28:32.690 [main] INFO  org.example.App - This is INFO log!
2021-10-14 20:28:32.690 [main] WARN  org.example.App - This is WARN log!
2021-10-14 20:28:32.690 [main] ERROR org.example.App - This is ERROR log!
2021-10-14 20:28:32.690 [main] FATAL org.example.App - This is FATAL log!
2021-10-14 20:28:32.690 [main] CUSTOM org.example.App - This is CUSTOM log!
2021-10-14 20:34:28.700 [main] INFO  org.example.App - JRE: 15.0.1
2021-10-14 20:34:28.702 [main] INFO  org.example.App - Java Launched From: /Library/Java/JavaVirtualMachines/jdk-15.0.1.jdk/Contents/Home
2021-10-14 20:34:28.702 [main] INFO  org.example.App - Class Path: /Applications/IntelliJ IDEA CE.app/Contents/lib/idea_rt.jar:/Applications/IntelliJ IDEA CE.app/Contents/plugins/junit/lib/junit5-rt.jar:/Applications/IntelliJ IDEA CE.app/Contents/plugins/junit/lib/junit-rt.jar:/Users/askoldsilya/IdeaProjects/JavaLabsProject/target/test-classes:/Users/askoldsilya/IdeaProjects/JavaLabsProject/target/classes:/Users/askoldsilya/.m2/repository/junit/junit/4.11/junit-4.11.jar:/Users/askoldsilya/.m2/repository/org/hamcrest/hamcrest-core/1.3/hamcrest-core-1.3.jar:/Users/askoldsilya/.m2/repository/org/apache/logging/log4j/log4j-api/2.13.0/log4j-api-2.13.0.jar:/Users/askoldsilya/.m2/repository/org/apache/logging/log4j/log4j-core/2.13.0/log4j-core-2.13.0.jar
2021-10-14 20:34:28.703 [main] INFO  org.example.App - Library Path: /Users/askoldsilya/Library/Java/Extensions:/Library/Java/Extensions:/Network/Library/Java/Extensions:/System/Library/Java/Extensions:/usr/lib/java:.
2021-10-14 20:34:28.703 [main] INFO  org.example.App - User Home Directory: /Users/askoldsilya
2021-10-14 20:34:28.703 [main] INFO  org.example.App - User Working Directory: /Users/askoldsilya/IdeaProjects/JavaLabsProject
2021-10-14 20:34:28.704 [main] INFO  org.example.App - Test INFO logging.
2021-10-14 20:46:51.520 [main] INFO  org.example.App - first environment property
2021-10-14 20:46:51.522 [main] INFO  org.example.App - JRE: 15.0.1
2021-10-14 20:46:51.522 [main] INFO  org.example.App - Java Launched From: /Library/Java/JavaVirtualMachines/jdk-15.0.1.jdk/Contents/Home
2021-10-14 20:46:51.522 [main] INFO  org.example.App - Class Path: /Users/askoldsilya/IdeaProjects/JavaLabsProject/target/classes:/Users/askoldsilya/.m2/repository/org/apache/logging/log4j/log4j-api/2.13.0/log4j-api-2.13.0.jar:/Users/askoldsilya/.m2/repository/org/apache/logging/log4j/log4j-core/2.13.0/log4j-core-2.13.0.jar
2021-10-14 20:46:51.522 [main] INFO  org.example.App - Library Path: /Users/askoldsilya/Library/Java/Extensions:/Library/Java/Extensions:/Network/Library/Java/Extensions:/System/Library/Java/Extensions:/usr/lib/java:.
2021-10-14 20:46:51.523 [main] INFO  org.example.App - User Home Directory: /Users/askoldsilya
2021-10-14 20:46:51.523 [main] INFO  org.example.App - User Working Directory: /Users/askoldsilya/IdeaProjects/JavaLabsProject
2021-10-14 20:46:51.523 [main] INFO  org.example.App - Test INFO logging.
2021-10-14 21:02:41.803 [main] INFO  org.example.App - first environment property
2021-10-14 21:02:41.805 [main] INFO  org.example.App - JRE: 17
2021-10-14 21:02:41.805 [main] INFO  org.example.App - Java Launched From: /usr/local/Cellar/openjdk/17/libexec/openjdk.jdk/Contents/Home
2021-10-14 21:02:41.805 [main] INFO  org.example.App - Class Path: /Users/askoldsilya/IdeaProjects/JavaLabsProject/target/test-classes:/Users/askoldsilya/IdeaProjects/JavaLabsProject/target/classes:/Users/askoldsilya/.m2/repository/junit/junit/4.11/junit-4.11.jar:/Users/askoldsilya/.m2/repository/org/hamcrest/hamcrest-core/1.3/hamcrest-core-1.3.jar:/Users/askoldsilya/.m2/repository/org/apache/logging/log4j/log4j-api/2.13.0/log4j-api-2.13.0.jar:/Users/askoldsilya/.m2/repository/org/apache/logging/log4j/log4j-core/2.13.0/log4j-core-2.13.0.jar:
2021-10-14 21:02:41.806 [main] INFO  org.example.App - Library Path: /Users/askoldsilya/Library/Java/Extensions:/Library/Java/Extensions:/Network/Library/Java/Extensions:/System/Library/Java/Extensions:/usr/lib/java:.
2021-10-14 21:02:41.806 [main] INFO  org.example.App - User Home Directory: /Users/askoldsilya
2021-10-14 21:02:41.806 [main] INFO  org.example.App - User Working Directory: /Users/askoldsilya/IdeaProjects/JavaLabsProject
2021-10-14 21:02:41.806 [main] INFO  org.example.App - Test INFO logging.
2021-10-14 21:04:43.982 [main] INFO  org.example.App - first environment property
2021-10-14 21:04:43.986 [main] INFO  org.example.App - JRE: 15.0.1
2021-10-14 21:04:43.986 [main] INFO  org.example.App - Java Launched From: /Library/Java/JavaVirtualMachines/jdk-15.0.1.jdk/Contents/Home
2021-10-14 21:04:43.986 [main] INFO  org.example.App - Class Path: /Users/askoldsilya/IdeaProjects/JavaLabsProject/target/classes:/Users/askoldsilya/.m2/repository/org/apache/logging/log4j/log4j-api/2.13.0/log4j-api-2.13.0.jar:/Users/askoldsilya/.m2/repository/org/apache/logging/log4j/log4j-core/2.13.0/log4j-core-2.13.0.jar
2021-10-14 21:04:43.986 [main] INFO  org.example.App - Library Path: /Users/askoldsilya/Library/Java/Extensions:/Library/Java/Extensions:/Network/Library/Java/Extensions:/System/Library/Java/Extensions:/usr/lib/java:.
2021-10-14 21:04:43.987 [main] INFO  org.example.App - User Home Directory: /Users/askoldsilya
2021-10-14 21:04:43.987 [main] INFO  org.example.App - User Working Directory: /Users/askoldsilya/IdeaProjects/JavaLabsProject
2021-10-14 21:04:43.987 [main] INFO  org.example.App - Test INFO logging.
2021-10-14 21:12:53.304 [main] INFO  org.example.App - first environment property
2021-10-14 21:12:53.307 [main] INFO  org.example.App - JRE: 15.0.1
2021-10-14 21:12:53.307 [main] INFO  org.example.App - Java Launched From: /Library/Java/JavaVirtualMachines/jdk-15.0.1.jdk/Contents/Home
2021-10-14 21:12:53.307 [main] INFO  org.example.App - Class Path: /Users/askoldsilya/IdeaProjects/JavaLabsProject/target/classes:/Users/askoldsilya/.m2/repository/org/apache/logging/log4j/log4j-api/2.13.0/log4j-api-2.13.0.jar:/Users/askoldsilya/.m2/repository/org/apache/logging/log4j/log4j-core/2.13.0/log4j-core-2.13.0.jar
2021-10-14 21:12:53.307 [main] INFO  org.example.App - Library Path: /Users/askoldsilya/Library/Java/Extensions:/Library/Java/Extensions:/Network/Library/Java/Extensions:/System/Library/Java/Extensions:/usr/lib/java:.
2021-10-14 21:12:53.307 [main] INFO  org.example.App - User Home Directory: /Users/askoldsilya
2021-10-14 21:12:53.307 [main] INFO  org.example.App - User Working Directory: /Users/askoldsilya/IdeaProjects/JavaLabsProject
2021-10-14 21:12:53.307 [main] INFO  org.example.App - Test INFO logging.
2021-10-14 21:13:31.661 [main] INFO  org.example.App - first environment property
2021-10-14 21:13:31.663 [main] INFO  org.example.App - JRE: 17
2021-10-14 21:13:31.664 [main] INFO  org.example.App - Java Launched From: /usr/local/Cellar/openjdk/17/libexec/openjdk.jdk/Contents/Home
2021-10-14 21:13:31.664 [main] INFO  org.example.App - Class Path: /Users/askoldsilya/IdeaProjects/JavaLabsProject/target/test-classes:/Users/askoldsilya/IdeaProjects/JavaLabsProject/target/classes:/Users/askoldsilya/.m2/repository/junit/junit/4.11/junit-4.11.jar:/Users/askoldsilya/.m2/repository/org/hamcrest/hamcrest-core/1.3/hamcrest-core-1.3.jar:/Users/askoldsilya/.m2/repository/org/apache/logging/log4j/log4j-api/2.13.0/log4j-api-2.13.0.jar:/Users/askoldsilya/.m2/repository/org/apache/logging/log4j/log4j-core/2.13.0/log4j-core-2.13.0.jar:
2021-10-14 21:13:31.664 [main] INFO  org.example.App - Library Path: /Users/askoldsilya/Library/Java/Extensions:/Library/Java/Extensions:/Network/Library/Java/Extensions:/System/Library/Java/Extensions:/usr/lib/java:.
2021-10-14 21:13:31.664 [main] INFO  org.example.App - User Home Directory: /Users/askoldsilya
2021-10-14 21:13:31.664 [main] INFO  org.example.App - User Working Directory: /Users/askoldsilya/IdeaProjects/JavaLabsProject
2021-10-14 21:13:31.664 [main] INFO  org.example.App - Test INFO logging.
2021-10-14 21:17:46.549 [main] INFO  org.example.App - first environment property
2021-10-14 21:17:46.551 [main] INFO  org.example.App - JRE: 17
2021-10-14 21:17:46.552 [main] INFO  org.example.App - Java Launched From: /usr/local/Cellar/openjdk/17/libexec/openjdk.jdk/Contents/Home
2021-10-14 21:17:46.552 [main] INFO  org.example.App - Class Path: /Users/askoldsilya/IdeaProjects/JavaLabsProject/target/test-classes:/Users/askoldsilya/IdeaProjects/JavaLabsProject/target/classes:/Users/askoldsilya/.m2/repository/junit/junit/4.11/junit-4.11.jar:/Users/askoldsilya/.m2/repository/org/hamcrest/hamcrest-core/1.3/hamcrest-core-1.3.jar:/Users/askoldsilya/.m2/repository/org/apache/logging/log4j/log4j-api/2.13.0/log4j-api-2.13.0.jar:/Users/askoldsilya/.m2/repository/org/apache/logging/log4j/log4j-core/2.13.0/log4j-core-2.13.0.jar:
2021-10-14 21:17:46.552 [main] INFO  org.example.App - Library Path: /Users/askoldsilya/Library/Java/Extensions:/Library/Java/Extensions:/Network/Library/Java/Extensions:/System/Library/Java/Extensions:/usr/lib/java:.
2021-10-14 21:17:46.553 [main] INFO  org.example.App - User Home Directory: /Users/askoldsilya
2021-10-14 21:17:46.553 [main] INFO  org.example.App - User Working Directory: /Users/askoldsilya/IdeaProjects/JavaLabsProject
2021-10-14 21:17:46.553 [main] INFO  org.example.App - Test INFO logging.
2021-10-14 21:24:01.546 [main] INFO  org.example.App - first environment property
2021-10-14 21:24:01.548 [main] INFO  org.example.App - JRE: 17
2021-10-14 21:24:01.548 [main] INFO  org.example.App - Java Launched From: /usr/local/Cellar/openjdk/17/libexec/openjdk.jdk/Contents/Home
2021-10-14 21:24:01.549 [main] INFO  org.example.App - Class Path: /Users/askoldsilya/IdeaProjects/JavaLabsProject/target/test-classes:/Users/askoldsilya/IdeaProjects/JavaLabsProject/target/classes:/Users/askoldsilya/.m2/repository/junit/junit/4.11/junit-4.11.jar:/Users/askoldsilya/.m2/repository/org/hamcrest/hamcrest-core/1.3/hamcrest-core-1.3.jar:/Users/askoldsilya/.m2/repository/org/apache/logging/log4j/log4j-api/2.13.0/log4j-api-2.13.0.jar:/Users/askoldsilya/.m2/repository/org/apache/logging/log4j/log4j-core/2.13.0/log4j-core-2.13.0.jar:
2021-10-14 21:24:01.549 [main] INFO  org.example.App - Library Path: /Users/askoldsilya/Library/Java/Extensions:/Library/Java/Extensions:/Network/Library/Java/Extensions:/System/Library/Java/Extensions:/usr/lib/java:.
2021-10-14 21:24:01.549 [main] INFO  org.example.App - User Home Directory: /Users/askoldsilya
2021-10-14 21:24:01.549 [main] INFO  org.example.App - User Working Directory: /Users/askoldsilya/IdeaProjects/JavaLabsProject
2021-10-14 21:24:01.549 [main] INFO  org.example.App - Test INFO logging.
2021-10-14 21:36:29.401 [main] INFO  org.example.App - first environment property
2021-10-14 21:36:29.403 [main] INFO  org.example.App - JRE: 17
2021-10-14 21:36:29.404 [main] INFO  org.example.App - Java Launched From: /usr/local/Cellar/openjdk/17/libexec/openjdk.jdk/Contents/Home
2021-10-14 21:36:29.404 [main] INFO  org.example.App - Class Path: /Users/askoldsilya/IdeaProjects/JavaLabsProject/target/test-classes:/Users/askoldsilya/IdeaProjects/JavaLabsProject/target/classes:/Users/askoldsilya/.m2/repository/junit/junit/4.11/junit-4.11.jar:/Users/askoldsilya/.m2/repository/org/hamcrest/hamcrest-core/1.3/hamcrest-core-1.3.jar:/Users/askoldsilya/.m2/repository/org/apache/logging/log4j/log4j-api/2.13.0/log4j-api-2.13.0.jar:/Users/askoldsilya/.m2/repository/org/apache/logging/log4j/log4j-core/2.13.0/log4j-core-2.13.0.jar:
2021-10-14 21:36:29.404 [main] INFO  org.example.App - Library Path: /Users/askoldsilya/Library/Java/Extensions:/Library/Java/Extensions:/Network/Library/Java/Extensions:/System/Library/Java/Extensions:/usr/lib/java:.
2021-10-14 21:36:29.404 [main] INFO  org.example.App - User Home Directory: /Users/askoldsilya
2021-10-14 21:36:29.405 [main] INFO  org.example.App - User Working Directory: /Users/askoldsilya/IdeaProjects/JavaLabsProject
2021-10-14 21:36:29.405 [main] INFO  org.example.App - Test INFO logging.
2021-10-14 21:37:40.358 [main] INFO  org.example.App - first environment property
2021-10-14 21:37:40.359 [main] INFO  org.example.App - JRE: 15.0.1
2021-10-14 21:37:40.360 [main] INFO  org.example.App - Java Launched From: /Library/Java/JavaVirtualMachines/jdk-15.0.1.jdk/Contents/Home
2021-10-14 21:37:40.360 [main] INFO  org.example.App - Class Path: /Users/askoldsilya/IdeaProjects/JavaLabsProject/target/classes:/Users/askoldsilya/.m2/repository/org/apache/logging/log4j/log4j-api/2.13.0/log4j-api-2.13.0.jar:/Users/askoldsilya/.m2/repository/org/apache/logging/log4j/log4j-core/2.13.0/log4j-core-2.13.0.jar
2021-10-14 21:37:40.360 [main] INFO  org.example.App - Library Path: /Users/askoldsilya/Library/Java/Extensions:/Library/Java/Extensions:/Network/Library/Java/Extensions:/System/Library/Java/Extensions:/usr/lib/java:.
2021-10-14 21:37:40.360 [main] INFO  org.example.App - User Home Directory: /Users/askoldsilya
2021-10-14 21:37:40.360 [main] INFO  org.example.App - User Working Directory: /Users/askoldsilya/IdeaProjects/JavaLabsProject
2021-10-14 21:37:40.360 [main] INFO  org.example.App - Test INFO logging.
